{"contracts/UnifiedIDRegistry.sol":{"l":{"113":24,"114":1,"116":23,"126":4,"127":1,"129":3,"145":23,"148":18,"149":1,"153":17,"154":1,"158":16,"159":16,"160":1,"164":15,"165":15,"171":15,"172":15,"175":15,"178":15,"189":3,"190":1,"193":2,"194":2,"196":2,"209":3,"210":1,"212":2,"221":6,"232":6,"233":1,"235":5,"246":3,"257":23,"260":23,"261":1,"265":22,"266":1,"271":21,"272":194,"275":194,"282":194,"283":3},"path":"/Users/shubhamsinghal/Desktop/glyph/unifiedid-contracts/contracts/UnifiedIDRegistry.sol","s":{"1":24,"2":4,"3":23,"4":18,"5":17,"6":16,"7":16,"8":15,"9":15,"10":3,"11":2,"12":2,"13":3,"14":2,"15":6,"16":6,"17":5,"18":3,"19":23,"20":23,"21":22,"22":21,"23":194,"24":194,"25":194},"b":{"1":[1,23],"2":[1,3],"3":[23,1],"4":[23,0],"5":[1,17],"6":[1,16],"7":[1,15],"8":[3,1],"9":[1,2],"10":[1,2],"11":[1,5],"12":[1,22],"13":[1,21],"14":[3,191]},"f":{"1":24,"2":4,"3":23,"4":3,"5":3,"6":6,"7":6,"8":3,"9":23},"fnMap":{"1":{"name":"onlyRelayer","line":112,"loc":{"start":{"line":112,"column":4},"end":{"line":117,"column":4}}},"2":{"name":"constructor","line":125,"loc":{"start":{"line":125,"column":4},"end":{"line":130,"column":4}}},"3":{"name":"createUnifiedID","line":143,"loc":{"start":{"line":140,"column":4},"end":{"line":179,"column":4}}},"4":{"name":"updateRelayer","line":188,"loc":{"start":{"line":186,"column":4},"end":{"line":197,"column":4}}},"5":{"name":"getUnifiedID","line":206,"loc":{"start":{"line":206,"column":4},"end":{"line":213,"column":4}}},"6":{"name":"unifiedIdExists","line":220,"loc":{"start":{"line":220,"column":4},"end":{"line":222,"column":4}}},"7":{"name":"getPrimaryWallet","line":229,"loc":{"start":{"line":229,"column":4},"end":{"line":236,"column":4}}},"8":{"name":"getUnifiedIdByWallet","line":243,"loc":{"start":{"line":243,"column":4},"end":{"line":247,"column":4}}},"9":{"name":"_validateUnifiedIdFormat","line":256,"loc":{"start":{"line":256,"column":4},"end":{"line":286,"column":4}}}},"statementMap":{"1":{"start":{"line":113,"column":8},"end":{"line":113,"column":3624}},"2":{"start":{"line":126,"column":8},"end":{"line":126,"column":3995}},"3":{"start":{"line":145,"column":8},"end":{"line":145,"column":42}},"4":{"start":{"line":148,"column":8},"end":{"line":148,"column":4744}},"5":{"start":{"line":153,"column":8},"end":{"line":153,"column":4885}},"6":{"start":{"line":158,"column":8},"end":{"line":158,"column":73}},"7":{"start":{"line":159,"column":8},"end":{"line":159,"column":5108}},"8":{"start":{"line":164,"column":8},"end":{"line":164,"column":43}},"9":{"start":{"line":178,"column":8},"end":{"line":178,"column":66}},"10":{"start":{"line":189,"column":8},"end":{"line":189,"column":5939}},"11":{"start":{"line":193,"column":8},"end":{"line":193,"column":43}},"12":{"start":{"line":196,"column":8},"end":{"line":196,"column":75}},"13":{"start":{"line":209,"column":8},"end":{"line":209,"column":6589}},"14":{"start":{"line":212,"column":8},"end":{"line":212,"column":34}},"15":{"start":{"line":221,"column":8},"end":{"line":221,"column":42}},"16":{"start":{"line":232,"column":8},"end":{"line":232,"column":7319}},"17":{"start":{"line":235,"column":8},"end":{"line":235,"column":48}},"18":{"start":{"line":246,"column":8},"end":{"line":246,"column":40}},"19":{"start":{"line":257,"column":8},"end":{"line":257,"column":54}},"20":{"start":{"line":260,"column":8},"end":{"line":260,"column":8287}},"21":{"start":{"line":265,"column":8},"end":{"line":265,"column":8431}},"22":{"start":{"line":271,"column":8},"end":{"line":271,"column":8668}},"23":{"start":{"line":272,"column":12},"end":{"line":272,"column":43}},"24":{"start":{"line":275,"column":12},"end":{"line":275,"column":8891}},"25":{"start":{"line":282,"column":12},"end":{"line":282,"column":9205}}},"branchMap":{"1":{"line":113,"type":"if","locations":[{"start":{"line":113,"column":8},"end":{"line":113,"column":8}},{"start":{"line":113,"column":8},"end":{"line":113,"column":8}}]},"2":{"line":126,"type":"if","locations":[{"start":{"line":126,"column":8},"end":{"line":126,"column":8}},{"start":{"line":126,"column":8},"end":{"line":126,"column":8}}]},"3":{"line":143,"type":"if","locations":[{"start":{"line":143,"column":15},"end":{"line":143,"column":15}},{"start":{"line":143,"column":15},"end":{"line":143,"column":15}}]},"4":{"line":143,"type":"if","locations":[{"start":{"line":143,"column":27},"end":{"line":143,"column":27}},{"start":{"line":143,"column":27},"end":{"line":143,"column":27}}]},"5":{"line":148,"type":"if","locations":[{"start":{"line":148,"column":8},"end":{"line":148,"column":8}},{"start":{"line":148,"column":8},"end":{"line":148,"column":8}}]},"6":{"line":153,"type":"if","locations":[{"start":{"line":153,"column":8},"end":{"line":153,"column":8}},{"start":{"line":153,"column":8},"end":{"line":153,"column":8}}]},"7":{"line":159,"type":"if","locations":[{"start":{"line":159,"column":8},"end":{"line":159,"column":8}},{"start":{"line":159,"column":8},"end":{"line":159,"column":8}}]},"8":{"line":188,"type":"if","locations":[{"start":{"line":188,"column":15},"end":{"line":188,"column":15}},{"start":{"line":188,"column":15},"end":{"line":188,"column":15}}]},"9":{"line":189,"type":"if","locations":[{"start":{"line":189,"column":8},"end":{"line":189,"column":8}},{"start":{"line":189,"column":8},"end":{"line":189,"column":8}}]},"10":{"line":209,"type":"if","locations":[{"start":{"line":209,"column":8},"end":{"line":209,"column":8}},{"start":{"line":209,"column":8},"end":{"line":209,"column":8}}]},"11":{"line":232,"type":"if","locations":[{"start":{"line":232,"column":8},"end":{"line":232,"column":8}},{"start":{"line":232,"column":8},"end":{"line":232,"column":8}}]},"12":{"line":260,"type":"if","locations":[{"start":{"line":260,"column":8},"end":{"line":260,"column":8}},{"start":{"line":260,"column":8},"end":{"line":260,"column":8}}]},"13":{"line":265,"type":"if","locations":[{"start":{"line":265,"column":8},"end":{"line":265,"column":8}},{"start":{"line":265,"column":8},"end":{"line":265,"column":8}}]},"14":{"line":282,"type":"if","locations":[{"start":{"line":282,"column":12},"end":{"line":282,"column":12}},{"start":{"line":282,"column":12},"end":{"line":282,"column":12}}]}}}}